<?xml version="1.0" encoding="UTF-8"?>
<testsuite name="com.medicare.project1.Project1ApplicationTests" time="0.06" tests="1" errors="1" skipped="0" failures="0">
  <properties>
[...]
</properties>
  <testcase name="initializationError" classname="com.medicare.project1.Project1ApplicationTests" time="0.06">
    <error message="Unable to find a @SpringBootConfiguration, you need to use @ContextConfiguration or @SpringBootTest(classes=...) with your test" type="java.lang.IllegalStateException"><![CDATA[java.lang.IllegalStateException: Unable to find a @SpringBootConfiguration, you need to use @ContextConfiguration or @SpringBootTest(classes=...) with your test
	at org.springframework.util.Assert.state(Assert.java:392)
	at org.springframework.boot.test.context.SpringBootTestContextBootstrapper.getOrFindConfigurationClasses(SpringBootTestContextBootstrapper.java:173)
	at org.springframework.boot.test.context.SpringBootTestContextBootstrapper.processMergedContextConfiguration(SpringBootTestContextBootstrapper.java:133)
	at org.springframework.test.context.support.AbstractTestContextBootstrapper.buildMergedContextConfiguration(AbstractTestContextBootstrapper.java:409)
	at org.springframework.test.context.support.AbstractTestContextBootstrapper.buildDefaultMergedContextConfiguration(AbstractTestContextBootstrapper.java:323)
	at org.springframework.test.context.support.AbstractTestContextBootstrapper.buildMergedContextConfiguration(AbstractTestContextBootstrapper.java:277)
	at org.springframework.test.context.support.AbstractTestContextBootstrapper.buildTestContext(AbstractTestContextBootstrapper.java:112)
	at org.springframework.boot.test.context.SpringBootTestContextBootstrapper.buildTestContext(SpringBootTestContextBootstrapper.java:78)
	at org.springframework.test.context.TestContextManager.<init>(TestContextManager.java:120)
	at org.springframework.test.context.TestContextManager.<init>(TestContextManager.java:105)
	at org.springframework.test.context.junit4.SpringJUnit4ClassRunner.createTestContextManager(SpringJUnit4ClassRunner.java:152)
	at org.springframework.test.context.junit4.SpringJUnit4ClassRunner.<init>(SpringJUnit4ClassRunner.java:143)
	at org.springframework.test.context.junit4.SpringRunner.<init>(SpringRunner.java:49)
	at sun.reflect.NativeConstructorAccessorImpl.newInstance0(Native Method)
	at sun.reflect.NativeConstructorAccessorImpl.newInstance(NativeConstructorAccessorImpl.java:62)
	at sun.reflect.DelegatingConstructorAccessorImpl.newInstance(DelegatingConstructorAccessorImpl.java:45)
	at java.lang.reflect.Constructor.newInstance(Constructor.java:423)
	at org.junit.internal.builders.AnnotatedBuilder.buildRunner(AnnotatedBuilder.java:104)
	at org.junit.internal.builders.AnnotatedBuilder.runnerForClass(AnnotatedBuilder.java:86)
	at org.junit.runners.model.RunnerBuilder.safeRunnerForClass(RunnerBuilder.java:59)
	at org.junit.internal.builders.AllDefaultPossibilitiesBuilder.runnerForClass(AllDefaultPossibilitiesBuilder.java:26)
	at org.junit.runners.model.RunnerBuilder.safeRunnerForClass(RunnerBuilder.java:59)
	at org.junit.internal.requests.ClassRequest.getRunner(ClassRequest.java:33)
	at org.apache.maven.surefire.junit4.JUnit4Provider.execute(JUnit4Provider.java:283)
	at org.apache.maven.surefire.junit4.JUnit4Provider.executeWithRerun(JUnit4Provider.java:173)
	at org.apache.maven.surefire.junit4.JUnit4Provider.executeTestSet(JUnit4Provider.java:153)
	at org.apache.maven.surefire.junit4.JUnit4Provider.invoke(JUnit4Provider.java:128)
	at org.apache.maven.surefire.booter.ForkedBooter.invokeProviderInSameClassLoader(ForkedBooter.java:203)
	at org.apache.maven.surefire.booter.ForkedBooter.runSuitesInProcess(ForkedBooter.java:155)
	at org.apache.maven.surefire.booter.ForkedBooter.main(ForkedBooter.java:103)
]]></error>
    <system-out><![CDATA[11:51:02.894 [main] DEBUG org.springframework.test.context.junit4.SpringJUnit4ClassRunner - SpringJUnit4ClassRunner constructor called with [class com.medicare.project1.Project1ApplicationTests]
11:51:02.972 [main] DEBUG org.springframework.test.context.BootstrapUtils - Instantiating CacheAwareContextLoaderDelegate from class [org.springframework.test.context.cache.DefaultCacheAwareContextLoaderDelegate]
11:51:03.038 [main] DEBUG org.springframework.test.context.BootstrapUtils - Instantiating BootstrapContext using constructor [public org.springframework.test.context.support.DefaultBootstrapContext(java.lang.Class,org.springframework.test.context.CacheAwareContextLoaderDelegate)]
11:51:03.188 [main] DEBUG org.springframework.test.context.BootstrapUtils - Instantiating TestContextBootstrapper for test class [com.medicare.project1.Project1ApplicationTests] from class [org.springframework.boot.test.context.SpringBootTestContextBootstrapper]
11:51:03.392 [main] INFO org.springframework.boot.test.context.SpringBootTestContextBootstrapper - Neither @ContextConfiguration nor @ContextHierarchy found for test class [com.medicare.project1.Project1ApplicationTests], using SpringBootContextLoader
11:51:03.402 [main] DEBUG org.springframework.test.context.support.AbstractContextLoader - Did not detect default resource location for test class [com.medicare.project1.Project1ApplicationTests]: class path resource [com/medicare/project1/Project1ApplicationTests-context.xml] does not exist
11:51:03.403 [main] DEBUG org.springframework.test.context.support.AbstractContextLoader - Did not detect default resource location for test class [com.medicare.project1.Project1ApplicationTests]: class path resource [com/medicare/project1/Project1ApplicationTestsContext.groovy] does not exist
11:51:03.404 [main] INFO org.springframework.test.context.support.AbstractContextLoader - Could not detect default resource locations for test class [com.medicare.project1.Project1ApplicationTests]: no resource found for suffixes {-context.xml, Context.groovy}.
11:51:03.406 [main] INFO org.springframework.test.context.support.AnnotationConfigContextLoaderUtils - Could not detect default configuration classes for test class [com.medicare.project1.Project1ApplicationTests]: Project1ApplicationTests does not declare any static, non-private, non-final, nested classes annotated with @Configuration.
11:51:03.679 [main] DEBUG org.springframework.test.context.support.ActiveProfilesUtils - Could not find an 'annotation declaring class' for annotation type [org.springframework.test.context.ActiveProfiles] and class [com.medicare.project1.Project1ApplicationTests]
11:51:03.770 [main] DEBUG org.springframework.core.env.StandardEnvironment - Adding [systemProperties] PropertySource with lowest search precedence
11:51:03.771 [main] DEBUG org.springframework.core.env.StandardEnvironment - Adding [systemEnvironment] PropertySource with lowest search precedence
11:51:03.771 [main] DEBUG org.springframework.core.env.StandardEnvironment - Initialized StandardEnvironment with PropertySources [systemProperties,systemEnvironment]
11:51:03.808 [main] DEBUG org.springframework.core.io.support.PathMatchingResourcePatternResolver - Resolved classpath location [com/medicare/project1/] to resources [URL [file:/C:/Users/khyati.agarwal/Documents/workspace-sts-3.8.2.RELEASE/project1/target/test-classes/com/medicare/project1/], URL [file:/C:/Users/khyati.agarwal/Documents/workspace-sts-3.8.2.RELEASE/project1/target/classes/com/medicare/project1/]]
11:51:03.815 [main] DEBUG org.springframework.core.io.support.PathMatchingResourcePatternResolver - Looking for matching resources in directory tree [C:\Users\khyati.agarwal\Documents\workspace-sts-3.8.2.RELEASE\project1\target\test-classes\com\medicare\project1]
11:51:03.816 [main] DEBUG org.springframework.core.io.support.PathMatchingResourcePatternResolver - Searching directory [C:\Users\khyati.agarwal\Documents\workspace-sts-3.8.2.RELEASE\project1\target\test-classes\com\medicare\project1] for files matching pattern [C:/Users/khyati.agarwal/Documents/workspace-sts-3.8.2.RELEASE/project1/target/test-classes/com/medicare/project1/*.class]
11:51:03.873 [main] DEBUG org.springframework.core.io.support.PathMatchingResourcePatternResolver - Looking for matching resources in directory tree [C:\Users\khyati.agarwal\Documents\workspace-sts-3.8.2.RELEASE\project1\target\classes\com\medicare\project1]
11:51:03.874 [main] DEBUG org.springframework.core.io.support.PathMatchingResourcePatternResolver - Searching directory [C:\Users\khyati.agarwal\Documents\workspace-sts-3.8.2.RELEASE\project1\target\classes\com\medicare\project1] for files matching pattern [C:/Users/khyati.agarwal/Documents/workspace-sts-3.8.2.RELEASE/project1/target/classes/com/medicare/project1/*.class]
11:51:03.875 [main] DEBUG org.springframework.core.io.support.PathMatchingResourcePatternResolver - Resolved location pattern [classpath*:com/medicare/project1/*.class] to resources [file [C:\Users\khyati.agarwal\Documents\workspace-sts-3.8.2.RELEASE\project1\target\test-classes\com\medicare\project1\Project1ApplicationTests.class], file [C:\Users\khyati.agarwal\Documents\workspace-sts-3.8.2.RELEASE\project1\target\classes\com\medicare\project1\Project1Application.class]]
11:51:04.079 [main] DEBUG org.springframework.core.io.support.PathMatchingResourcePatternResolver - Resolved classpath location [com/medicare/] to resources [URL [file:/C:/Users/khyati.agarwal/Documents/workspace-sts-3.8.2.RELEASE/project1/target/test-classes/com/medicare/], URL [file:/C:/Users/khyati.agarwal/Documents/workspace-sts-3.8.2.RELEASE/project1/target/classes/com/medicare/]]
11:51:04.079 [main] DEBUG org.springframework.core.io.support.PathMatchingResourcePatternResolver - Looking for matching resources in directory tree [C:\Users\khyati.agarwal\Documents\workspace-sts-3.8.2.RELEASE\project1\target\test-classes\com\medicare]
11:51:04.081 [main] DEBUG org.springframework.core.io.support.PathMatchingResourcePatternResolver - Searching directory [C:\Users\khyati.agarwal\Documents\workspace-sts-3.8.2.RELEASE\project1\target\test-classes\com\medicare] for files matching pattern [C:/Users/khyati.agarwal/Documents/workspace-sts-3.8.2.RELEASE/project1/target/test-classes/com/medicare/*.class]
11:51:04.082 [main] DEBUG org.springframework.core.io.support.PathMatchingResourcePatternResolver - Looking for matching resources in directory tree [C:\Users\khyati.agarwal\Documents\workspace-sts-3.8.2.RELEASE\project1\target\classes\com\medicare]
11:51:04.084 [main] DEBUG org.springframework.core.io.support.PathMatchingResourcePatternResolver - Searching directory [C:\Users\khyati.agarwal\Documents\workspace-sts-3.8.2.RELEASE\project1\target\classes\com\medicare] for files matching pattern [C:/Users/khyati.agarwal/Documents/workspace-sts-3.8.2.RELEASE/project1/target/classes/com/medicare/*.class]
11:51:04.085 [main] DEBUG org.springframework.core.io.support.PathMatchingResourcePatternResolver - Resolved location pattern [classpath*:com/medicare/*.class] to resources []
11:51:04.093 [main] DEBUG org.springframework.core.io.support.PathMatchingResourcePatternResolver - Resolved classpath location [com/] to resources [URL [file:/C:/Users/khyati.agarwal/Documents/workspace-sts-3.8.2.RELEASE/project1/target/test-classes/com/], URL [file:/C:/Users/khyati.agarwal/Documents/workspace-sts-3.8.2.RELEASE/project1/target/classes/com/], URL [jar:file:/C:/Users/khyati.agarwal/.m2/repository/org/mongodb/mongodb-driver/3.2.2/mongodb-driver-3.2.2.jar!/com/], URL [jar:file:/C:/Users/khyati.agarwal/.m2/repository/org/mongodb/mongodb-driver-core/3.2.2/mongodb-driver-core-3.2.2.jar!/com/], URL [jar:file:/C:/Users/khyati.agarwal/.m2/repository/com/fasterxml/classmate/1.3.3/classmate-1.3.3.jar!/com/], URL [jar:file:/C:/Users/khyati.agarwal/.m2/repository/com/fasterxml/jackson/core/jackson-databind/2.8.5/jackson-databind-2.8.5.jar!/com/], URL [jar:file:/C:/Users/khyati.agarwal/.m2/repository/com/fasterxml/jackson/core/jackson-annotations/2.8.5/jackson-annotations-2.8.5.jar!/com/], URL [jar:file:/C:/Users/khyati.agarwal/.m2/repository/com/fasterxml/jackson/core/jackson-core/2.8.5/jackson-core-2.8.5.jar!/com/], URL [jar:file:/C:/Users/khyati.agarwal/.m2/repository/com/jayway/jsonpath/json-path/2.2.0/json-path-2.2.0.jar!/com/]]
11:51:04.094 [main] DEBUG org.springframework.core.io.support.PathMatchingResourcePatternResolver - Looking for matching resources in directory tree [C:\Users\khyati.agarwal\Documents\workspace-sts-3.8.2.RELEASE\project1\target\test-classes\com]
11:51:04.095 [main] DEBUG org.springframework.core.io.support.PathMatchingResourcePatternResolver - Searching directory [C:\Users\khyati.agarwal\Documents\workspace-sts-3.8.2.RELEASE\project1\target\test-classes\com] for files matching pattern [C:/Users/khyati.agarwal/Documents/workspace-sts-3.8.2.RELEASE/project1/target/test-classes/com/*.class]
11:51:04.096 [main] DEBUG org.springframework.core.io.support.PathMatchingResourcePatternResolver - Looking for matching resources in directory tree [C:\Users\khyati.agarwal\Documents\workspace-sts-3.8.2.RELEASE\project1\target\classes\com]
11:51:04.096 [main] DEBUG org.springframework.core.io.support.PathMatchingResourcePatternResolver - Searching directory [C:\Users\khyati.agarwal\Documents\workspace-sts-3.8.2.RELEASE\project1\target\classes\com] for files matching pattern [C:/Users/khyati.agarwal/Documents/workspace-sts-3.8.2.RELEASE/project1/target/classes/com/*.class]
11:51:04.098 [main] DEBUG org.springframework.core.io.support.PathMatchingResourcePatternResolver - Looking for matching resources in jar file [file:/C:/Users/khyati.agarwal/.m2/repository/org/mongodb/mongodb-driver/3.2.2/mongodb-driver-3.2.2.jar]
11:51:04.112 [main] DEBUG org.springframework.core.io.support.PathMatchingResourcePatternResolver - Looking for matching resources in jar file [file:/C:/Users/khyati.agarwal/.m2/repository/org/mongodb/mongodb-driver-core/3.2.2/mongodb-driver-core-3.2.2.jar]
11:51:04.168 [main] DEBUG org.springframework.core.io.support.PathMatchingResourcePatternResolver - Looking for matching resources in jar file [file:/C:/Users/khyati.agarwal/.m2/repository/com/fasterxml/classmate/1.3.3/classmate-1.3.3.jar]
11:51:04.169 [main] DEBUG org.springframework.core.io.support.PathMatchingResourcePatternResolver - Looking for matching resources in jar file [file:/C:/Users/khyati.agarwal/.m2/repository/com/fasterxml/jackson/core/jackson-databind/2.8.5/jackson-databind-2.8.5.jar]
11:51:04.197 [main] DEBUG org.springframework.core.io.support.PathMatchingResourcePatternResolver - Looking for matching resources in jar file [file:/C:/Users/khyati.agarwal/.m2/repository/com/fasterxml/jackson/core/jackson-annotations/2.8.5/jackson-annotations-2.8.5.jar]
11:51:04.199 [main] DEBUG org.springframework.core.io.support.PathMatchingResourcePatternResolver - Looking for matching resources in jar file [file:/C:/Users/khyati.agarwal/.m2/repository/com/fasterxml/jackson/core/jackson-core/2.8.5/jackson-core-2.8.5.jar]
11:51:04.201 [main] DEBUG org.springframework.core.io.support.PathMatchingResourcePatternResolver - Looking for matching resources in jar file [file:/C:/Users/khyati.agarwal/.m2/repository/com/jayway/jsonpath/json-path/2.2.0/json-path-2.2.0.jar]
11:51:04.203 [main] DEBUG org.springframework.core.io.support.PathMatchingResourcePatternResolver - Resolved location pattern [classpath*:com/*.class] to resources []
11:51:04.211 [main] DEBUG org.springframework.test.context.junit4.SpringJUnit4ClassRunner - SpringJUnit4ClassRunner constructor called with [class com.medicare.project1.Project1ApplicationTests]
11:51:04.211 [main] DEBUG org.springframework.test.context.BootstrapUtils - Instantiating CacheAwareContextLoaderDelegate from class [org.springframework.test.context.cache.DefaultCacheAwareContextLoaderDelegate]
11:51:04.212 [main] DEBUG org.springframework.test.context.BootstrapUtils - Instantiating BootstrapContext using constructor [public org.springframework.test.context.support.DefaultBootstrapContext(java.lang.Class,org.springframework.test.context.CacheAwareContextLoaderDelegate)]
11:51:04.213 [main] DEBUG org.springframework.test.context.BootstrapUtils - Instantiating TestContextBootstrapper for test class [com.medicare.project1.Project1ApplicationTests] from class [org.springframework.boot.test.context.SpringBootTestContextBootstrapper]
11:51:04.214 [main] INFO org.springframework.boot.test.context.SpringBootTestContextBootstrapper - Neither @ContextConfiguration nor @ContextHierarchy found for test class [com.medicare.project1.Project1ApplicationTests], using SpringBootContextLoader
11:51:04.215 [main] DEBUG org.springframework.test.context.support.AbstractContextLoader - Did not detect default resource location for test class [com.medicare.project1.Project1ApplicationTests]: class path resource [com/medicare/project1/Project1ApplicationTests-context.xml] does not exist
11:51:04.268 [main] DEBUG org.springframework.test.context.support.AbstractContextLoader - Did not detect default resource location for test class [com.medicare.project1.Project1ApplicationTests]: class path resource [com/medicare/project1/Project1ApplicationTestsContext.groovy] does not exist
11:51:04.271 [main] INFO org.springframework.test.context.support.AbstractContextLoader - Could not detect default resource locations for test class [com.medicare.project1.Project1ApplicationTests]: no resource found for suffixes {-context.xml, Context.groovy}.
11:51:04.271 [main] INFO org.springframework.test.context.support.AnnotationConfigContextLoaderUtils - Could not detect default configuration classes for test class [com.medicare.project1.Project1ApplicationTests]: Project1ApplicationTests does not declare any static, non-private, non-final, nested classes annotated with @Configuration.
11:51:04.282 [main] DEBUG org.springframework.test.context.support.ActiveProfilesUtils - Could not find an 'annotation declaring class' for annotation type [org.springframework.test.context.ActiveProfiles] and class [com.medicare.project1.Project1ApplicationTests]
11:51:04.282 [main] DEBUG org.springframework.core.env.StandardEnvironment - Adding [systemProperties] PropertySource with lowest search precedence
11:51:04.283 [main] DEBUG org.springframework.core.env.StandardEnvironment - Adding [systemEnvironment] PropertySource with lowest search precedence
11:51:04.283 [main] DEBUG org.springframework.core.env.StandardEnvironment - Initialized StandardEnvironment with PropertySources [systemProperties,systemEnvironment]
11:51:04.285 [main] DEBUG org.springframework.core.io.support.PathMatchingResourcePatternResolver - Resolved classpath location [com/medicare/project1/] to resources [URL [file:/C:/Users/khyati.agarwal/Documents/workspace-sts-3.8.2.RELEASE/project1/target/test-classes/com/medicare/project1/], URL [file:/C:/Users/khyati.agarwal/Documents/workspace-sts-3.8.2.RELEASE/project1/target/classes/com/medicare/project1/]]
11:51:04.285 [main] DEBUG org.springframework.core.io.support.PathMatchingResourcePatternResolver - Looking for matching resources in directory tree [C:\Users\khyati.agarwal\Documents\workspace-sts-3.8.2.RELEASE\project1\target\test-classes\com\medicare\project1]
11:51:04.286 [main] DEBUG org.springframework.core.io.support.PathMatchingResourcePatternResolver - Searching directory [C:\Users\khyati.agarwal\Documents\workspace-sts-3.8.2.RELEASE\project1\target\test-classes\com\medicare\project1] for files matching pattern [C:/Users/khyati.agarwal/Documents/workspace-sts-3.8.2.RELEASE/project1/target/test-classes/com/medicare/project1/*.class]
11:51:04.385 [main] DEBUG org.springframework.core.io.support.PathMatchingResourcePatternResolver - Looking for matching resources in directory tree [C:\Users\khyati.agarwal\Documents\workspace-sts-3.8.2.RELEASE\project1\target\classes\com\medicare\project1]
11:51:04.385 [main] DEBUG org.springframework.core.io.support.PathMatchingResourcePatternResolver - Searching directory [C:\Users\khyati.agarwal\Documents\workspace-sts-3.8.2.RELEASE\project1\target\classes\com\medicare\project1] for files matching pattern [C:/Users/khyati.agarwal/Documents/workspace-sts-3.8.2.RELEASE/project1/target/classes/com/medicare/project1/*.class]
11:51:04.387 [main] DEBUG org.springframework.core.io.support.PathMatchingResourcePatternResolver - Resolved location pattern [classpath*:com/medicare/project1/*.class] to resources [file [C:\Users\khyati.agarwal\Documents\workspace-sts-3.8.2.RELEASE\project1\target\test-classes\com\medicare\project1\Project1ApplicationTests.class], file [C:\Users\khyati.agarwal\Documents\workspace-sts-3.8.2.RELEASE\project1\target\classes\com\medicare\project1\Project1Application.class]]
11:51:04.392 [main] DEBUG org.springframework.core.io.support.PathMatchingResourcePatternResolver - Resolved classpath location [com/medicare/] to resources [URL [file:/C:/Users/khyati.agarwal/Documents/workspace-sts-3.8.2.RELEASE/project1/target/test-classes/com/medicare/], URL [file:/C:/Users/khyati.agarwal/Documents/workspace-sts-3.8.2.RELEASE/project1/target/classes/com/medicare/]]
11:51:04.393 [main] DEBUG org.springframework.core.io.support.PathMatchingResourcePatternResolver - Looking for matching resources in directory tree [C:\Users\khyati.agarwal\Documents\workspace-sts-3.8.2.RELEASE\project1\target\test-classes\com\medicare]
11:51:04.395 [main] DEBUG org.springframework.core.io.support.PathMatchingResourcePatternResolver - Searching directory [C:\Users\khyati.agarwal\Documents\workspace-sts-3.8.2.RELEASE\project1\target\test-classes\com\medicare] for files matching pattern [C:/Users/khyati.agarwal/Documents/workspace-sts-3.8.2.RELEASE/project1/target/test-classes/com/medicare/*.class]
11:51:04.397 [main] DEBUG org.springframework.core.io.support.PathMatchingResourcePatternResolver - Looking for matching resources in directory tree [C:\Users\khyati.agarwal\Documents\workspace-sts-3.8.2.RELEASE\project1\target\classes\com\medicare]
11:51:04.397 [main] DEBUG org.springframework.core.io.support.PathMatchingResourcePatternResolver - Searching directory [C:\Users\khyati.agarwal\Documents\workspace-sts-3.8.2.RELEASE\project1\target\classes\com\medicare] for files matching pattern [C:/Users/khyati.agarwal/Documents/workspace-sts-3.8.2.RELEASE/project1/target/classes/com/medicare/*.class]
11:51:04.398 [main] DEBUG org.springframework.core.io.support.PathMatchingResourcePatternResolver - Resolved location pattern [classpath*:com/medicare/*.class] to resources []
11:51:04.400 [main] DEBUG org.springframework.core.io.support.PathMatchingResourcePatternResolver - Resolved classpath location [com/] to resources [URL [file:/C:/Users/khyati.agarwal/Documents/workspace-sts-3.8.2.RELEASE/project1/target/test-classes/com/], URL [file:/C:/Users/khyati.agarwal/Documents/workspace-sts-3.8.2.RELEASE/project1/target/classes/com/], URL [jar:file:/C:/Users/khyati.agarwal/.m2/repository/org/mongodb/mongodb-driver/3.2.2/mongodb-driver-3.2.2.jar!/com/], URL [jar:file:/C:/Users/khyati.agarwal/.m2/repository/org/mongodb/mongodb-driver-core/3.2.2/mongodb-driver-core-3.2.2.jar!/com/], URL [jar:file:/C:/Users/khyati.agarwal/.m2/repository/com/fasterxml/classmate/1.3.3/classmate-1.3.3.jar!/com/], URL [jar:file:/C:/Users/khyati.agarwal/.m2/repository/com/fasterxml/jackson/core/jackson-databind/2.8.5/jackson-databind-2.8.5.jar!/com/], URL [jar:file:/C:/Users/khyati.agarwal/.m2/repository/com/fasterxml/jackson/core/jackson-annotations/2.8.5/jackson-annotations-2.8.5.jar!/com/], URL [jar:file:/C:/Users/khyati.agarwal/.m2/repository/com/fasterxml/jackson/core/jackson-core/2.8.5/jackson-core-2.8.5.jar!/com/], URL [jar:file:/C:/Users/khyati.agarwal/.m2/repository/com/jayway/jsonpath/json-path/2.2.0/json-path-2.2.0.jar!/com/]]
11:51:04.401 [main] DEBUG org.springframework.core.io.support.PathMatchingResourcePatternResolver - Looking for matching resources in directory tree [C:\Users\khyati.agarwal\Documents\workspace-sts-3.8.2.RELEASE\project1\target\test-classes\com]
11:51:04.402 [main] DEBUG org.springframework.core.io.support.PathMatchingResourcePatternResolver - Searching directory [C:\Users\khyati.agarwal\Documents\workspace-sts-3.8.2.RELEASE\project1\target\test-classes\com] for files matching pattern [C:/Users/khyati.agarwal/Documents/workspace-sts-3.8.2.RELEASE/project1/target/test-classes/com/*.class]
11:51:04.403 [main] DEBUG org.springframework.core.io.support.PathMatchingResourcePatternResolver - Looking for matching resources in directory tree [C:\Users\khyati.agarwal\Documents\workspace-sts-3.8.2.RELEASE\project1\target\classes\com]
11:51:04.403 [main] DEBUG org.springframework.core.io.support.PathMatchingResourcePatternResolver - Searching directory [C:\Users\khyati.agarwal\Documents\workspace-sts-3.8.2.RELEASE\project1\target\classes\com] for files matching pattern [C:/Users/khyati.agarwal/Documents/workspace-sts-3.8.2.RELEASE/project1/target/classes/com/*.class]
11:51:04.404 [main] DEBUG org.springframework.core.io.support.PathMatchingResourcePatternResolver - Looking for matching resources in jar file [file:/C:/Users/khyati.agarwal/.m2/repository/org/mongodb/mongodb-driver/3.2.2/mongodb-driver-3.2.2.jar]
11:51:04.409 [main] DEBUG org.springframework.core.io.support.PathMatchingResourcePatternResolver - Looking for matching resources in jar file [file:/C:/Users/khyati.agarwal/.m2/repository/org/mongodb/mongodb-driver-core/3.2.2/mongodb-driver-core-3.2.2.jar]
11:51:04.539 [main] DEBUG org.springframework.core.io.support.PathMatchingResourcePatternResolver - Looking for matching resources in jar file [file:/C:/Users/khyati.agarwal/.m2/repository/com/fasterxml/classmate/1.3.3/classmate-1.3.3.jar]
11:51:04.540 [main] DEBUG org.springframework.core.io.support.PathMatchingResourcePatternResolver - Looking for matching resources in jar file [file:/C:/Users/khyati.agarwal/.m2/repository/com/fasterxml/jackson/core/jackson-databind/2.8.5/jackson-databind-2.8.5.jar]
11:51:04.669 [main] DEBUG org.springframework.core.io.support.PathMatchingResourcePatternResolver - Looking for matching resources in jar file [file:/C:/Users/khyati.agarwal/.m2/repository/com/fasterxml/jackson/core/jackson-annotations/2.8.5/jackson-annotations-2.8.5.jar]
11:51:04.672 [main] DEBUG org.springframework.core.io.support.PathMatchingResourcePatternResolver - Looking for matching resources in jar file [file:/C:/Users/khyati.agarwal/.m2/repository/com/fasterxml/jackson/core/jackson-core/2.8.5/jackson-core-2.8.5.jar]
11:51:04.683 [main] DEBUG org.springframework.core.io.support.PathMatchingResourcePatternResolver - Looking for matching resources in jar file [file:/C:/Users/khyati.agarwal/.m2/repository/com/jayway/jsonpath/json-path/2.2.0/json-path-2.2.0.jar]
11:51:04.743 [main] DEBUG org.springframework.core.io.support.PathMatchingResourcePatternResolver - Resolved location pattern [classpath*:com/*.class] to resources []
]]></system-out>
  </testcase>
</testsuite>